2020-08-11 11:35:13,190 [restartedMain] INFO org.springframework.boot.devtools.env.DevToolsPropertyDefaultsPostProcessor - Devtools property defaults active! Set 'spring.devtools.add-properties' to 'false' to disable
2020-08-11 11:35:13,607 [restartedMain] INFO com.tourguide.TourGuide2MicroServiceUserApplication - No active profile set, falling back to default profiles: default
2020-08-11 11:35:14,821 [restartedMain] WARN org.springframework.boot.actuate.endpoint.EndpointId - Endpoint ID 'service-registry' contains invalid characters, please migrate to a valid format.
2020-08-11 11:35:15,044 [restartedMain] INFO org.springframework.cloud.context.scope.GenericScope - BeanFactory id=b1910298-373c-3c1c-af95-cf1187b79098
2020-08-11 11:35:15,177 [restartedMain] INFO org.springframework.context.support.PostProcessorRegistrationDelegate$BeanPostProcessorChecker - Bean 'com.tourguide.proxy.MicroServiceGpsProxy' of type [org.springframework.cloud.openfeign.FeignClientFactoryBean] is not eligible for getting processed by all BeanPostProcessors (for example: not eligible for auto-proxying)
2020-08-11 11:35:15,179 [restartedMain] INFO org.springframework.context.support.PostProcessorRegistrationDelegate$BeanPostProcessorChecker - Bean 'com.tourguide.proxy.MicroServiceRewardProxy' of type [org.springframework.cloud.openfeign.FeignClientFactoryBean] is not eligible for getting processed by all BeanPostProcessors (for example: not eligible for auto-proxying)
2020-08-11 11:35:15,862 [restartedMain] INFO org.springframework.boot.web.embedded.tomcat.TomcatWebServer - Tomcat initialized with port(s): 9002 (http)
2020-08-11 11:35:15,879 [restartedMain] INFO org.apache.coyote.http11.Http11NioProtocol - Initializing ProtocolHandler ["http-nio-9002"]
2020-08-11 11:35:15,880 [restartedMain] INFO org.apache.catalina.core.StandardService - Starting service [Tomcat]
2020-08-11 11:35:15,880 [restartedMain] INFO org.apache.catalina.core.StandardEngine - Starting Servlet engine: [Apache Tomcat/9.0.36]
2020-08-11 11:35:15,977 [restartedMain] INFO org.apache.catalina.core.ContainerBase.[Tomcat].[localhost].[/] - Initializing Spring embedded WebApplicationContext
2020-08-11 11:35:15,977 [restartedMain] INFO org.springframework.boot.web.servlet.context.ServletWebServerApplicationContext - Root WebApplicationContext: initialization completed in 2352 ms
2020-08-11 11:35:16,087 [restartedMain] WARN com.netflix.config.sources.URLConfigurationSource - No URLs will be polled as dynamic configuration sources.
2020-08-11 11:35:16,088 [restartedMain] INFO com.netflix.config.sources.URLConfigurationSource - To enable URLs as dynamic configuration sources, define System property archaius.configurationSource.additionalUrls or make config.properties available on classpath.
2020-08-11 11:35:16,097 [restartedMain] INFO com.netflix.config.DynamicPropertyFactory - DynamicPropertyFactory is initialized with configuration sources: com.netflix.config.ConcurrentCompositeConfiguration@7cc40315
2020-08-11 11:35:16,226 [restartedMain] INFO org.javamoney.moneta.DefaultMonetaryContextFactory - Using custom MathContext: precision=256, roundingMode=HALF_EVEN
2020-08-11 11:35:16,456 [restartedMain] INFO org.springframework.boot.devtools.autoconfigure.OptionalLiveReloadServer - LiveReload server is running on port 35729
2020-08-11 11:35:16,602 [restartedMain] WARN com.netflix.config.sources.URLConfigurationSource - No URLs will be polled as dynamic configuration sources.
2020-08-11 11:35:16,602 [restartedMain] INFO com.netflix.config.sources.URLConfigurationSource - To enable URLs as dynamic configuration sources, define System property archaius.configurationSource.additionalUrls or make config.properties available on classpath.
2020-08-11 11:35:16,789 [restartedMain] INFO org.springframework.scheduling.concurrent.ThreadPoolTaskExecutor - Initializing ExecutorService 'applicationTaskExecutor'
2020-08-11 11:35:17,305 [restartedMain] WARN org.springframework.cloud.loadbalancer.config.BlockingLoadBalancerClientAutoConfiguration$BlockingLoadBalancerClientRibbonWarnLogger - You already have RibbonLoadBalancerClient on your classpath. It will be used by default. As Spring Cloud Ribbon is in maintenance mode. We recommend switching to BlockingLoadBalancerClient instead. In order to use it, set the value of `spring.cloud.loadbalancer.ribbon.enabled` to `false` or remove spring-cloud-starter-netflix-ribbon from your project.
2020-08-11 11:35:17,345 [restartedMain] INFO org.springframework.boot.actuate.endpoint.web.EndpointLinksResolver - Exposing 2 endpoint(s) beneath base path '/actuator'
2020-08-11 11:35:17,430 [restartedMain] INFO org.springframework.cloud.netflix.eureka.InstanceInfoFactory - Setting initial instance status as: STARTING
2020-08-11 11:35:17,473 [restartedMain] INFO com.netflix.discovery.DiscoveryClient - Initializing Eureka in region us-east-1
2020-08-11 11:35:17,611 [restartedMain] INFO com.netflix.discovery.provider.DiscoveryJerseyProvider - Using JSON encoding codec LegacyJacksonJson
2020-08-11 11:35:17,611 [restartedMain] INFO com.netflix.discovery.provider.DiscoveryJerseyProvider - Using JSON decoding codec LegacyJacksonJson
2020-08-11 11:35:17,754 [restartedMain] INFO com.netflix.discovery.provider.DiscoveryJerseyProvider - Using XML encoding codec XStreamXml
2020-08-11 11:35:17,754 [restartedMain] INFO com.netflix.discovery.provider.DiscoveryJerseyProvider - Using XML decoding codec XStreamXml
2020-08-11 11:35:18,000 [restartedMain] INFO com.netflix.discovery.shared.resolver.aws.ConfigClusterResolver - Resolving eureka endpoints via configuration
2020-08-11 11:35:18,020 [restartedMain] INFO com.netflix.discovery.DiscoveryClient - Disable delta property : false
2020-08-11 11:35:18,020 [restartedMain] INFO com.netflix.discovery.DiscoveryClient - Single vip registry refresh property : null
2020-08-11 11:35:18,020 [restartedMain] INFO com.netflix.discovery.DiscoveryClient - Force full registry fetch : false
2020-08-11 11:35:18,020 [restartedMain] INFO com.netflix.discovery.DiscoveryClient - Application is null : false
2020-08-11 11:35:18,020 [restartedMain] INFO com.netflix.discovery.DiscoveryClient - Registered Applications size is zero : true
2020-08-11 11:35:18,020 [restartedMain] INFO com.netflix.discovery.DiscoveryClient - Application version is -1: true
2020-08-11 11:35:18,021 [restartedMain] INFO com.netflix.discovery.DiscoveryClient - Getting all instance registry info from the eureka server
2020-08-11 11:35:18,177 [restartedMain] INFO com.netflix.discovery.DiscoveryClient - The response status is 200
2020-08-11 11:35:18,180 [restartedMain] INFO com.netflix.discovery.DiscoveryClient - Starting heartbeat executor: renew interval is: 30
2020-08-11 11:35:18,185 [restartedMain] INFO com.netflix.discovery.InstanceInfoReplicator - InstanceInfoReplicator onDemand update allowed rate per min is 4
2020-08-11 11:35:18,188 [restartedMain] INFO com.netflix.discovery.DiscoveryClient - Discovery Client initialized at timestamp 1597138518187 with initial instances count: 3
2020-08-11 11:35:18,190 [restartedMain] INFO org.springframework.cloud.netflix.eureka.serviceregistry.EurekaServiceRegistry - Registering application MICROSERVICE-USER with eureka with status UP
2020-08-11 11:35:18,192 [restartedMain] INFO com.netflix.discovery.DiscoveryClient - Saw local status change event StatusChangeEvent [timestamp=1597138518191, current=UP, previous=STARTING]
2020-08-11 11:35:18,194 [DiscoveryClient-InstanceInfoReplicator-0] INFO com.netflix.discovery.DiscoveryClient - DiscoveryClient_MICROSERVICE-USER/macbook-pro:microservice-user:9002: registering service...
2020-08-11 11:35:18,195 [restartedMain] INFO org.apache.coyote.http11.Http11NioProtocol - Starting ProtocolHandler ["http-nio-9002"]
2020-08-11 11:35:18,237 [DiscoveryClient-InstanceInfoReplicator-0] INFO com.netflix.discovery.DiscoveryClient - DiscoveryClient_MICROSERVICE-USER/macbook-pro:microservice-user:9002 - registration status: 204
2020-08-11 11:35:18,240 [restartedMain] INFO org.springframework.boot.web.embedded.tomcat.TomcatWebServer - Tomcat started on port(s): 9002 (http) with context path ''
2020-08-11 11:35:18,242 [restartedMain] INFO org.springframework.cloud.netflix.eureka.serviceregistry.EurekaAutoServiceRegistration - Updating port to 9002
2020-08-11 11:35:18,266 [restartedMain] INFO com.tourguide.TourGuide2MicroServiceUserApplication - Started TourGuide2MicroServiceUserApplication in 5.574 seconds (JVM running for 7.303)
2020-08-11 11:35:20,083 [RMI TCP Connection(4)-127.0.0.1] INFO org.apache.catalina.core.ContainerBase.[Tomcat].[localhost].[/] - Initializing Spring DispatcherServlet 'dispatcherServlet'
2020-08-11 11:35:20,084 [RMI TCP Connection(4)-127.0.0.1] INFO org.springframework.web.servlet.DispatcherServlet - Initializing Servlet 'dispatcherServlet'
2020-08-11 11:35:20,089 [RMI TCP Connection(4)-127.0.0.1] INFO org.springframework.web.servlet.DispatcherServlet - Completed initialization in 5 ms
2020-08-11 11:40:18,042 [AsyncResolver-bootstrap-executor-0] INFO com.netflix.discovery.shared.resolver.aws.ConfigClusterResolver - Resolving eureka endpoints via configuration
2020-08-11 11:45:18,063 [AsyncResolver-bootstrap-executor-0] INFO com.netflix.discovery.shared.resolver.aws.ConfigClusterResolver - Resolving eureka endpoints via configuration
